Using pre-set license
Built from '2021.3/staging' branch; Version is '2021.3.7f1 (24e8595d6d43) revision 2418777'; Using compiler version '192829333'; Build Type 'Release'
OS: 'Windows 10  (10.0.19045) 64bit Education' Language: 'en' Physical Memory: 65456 MB
BatchMode: 1, IsHumanControllingUs: 0, StartBugReporterOnCrash: 0, Is64bit: 1, IsPro: 1

COMMAND LINE ARGUMENTS:
C:\Program Files\Unity\Hub\Editor\2021.3.7f1\Editor\Unity.exe
-adb2
-batchMode
-noUpm
-name
AssetImportWorker2
-projectPath
C:/Users/Logan/OSRS-BoardGame/OSRS Board
-logFile
Logs/AssetImportWorker2.log
-srvPort
56339
Successfully changed project path to: C:/Users/Logan/OSRS-BoardGame/OSRS Board
C:/Users/Logan/OSRS-BoardGame/OSRS Board
[UnityMemory] Configuration Parameters - Can be set up in boot.config
    "memorysetup-bucket-allocator-granularity=16"
    "memorysetup-bucket-allocator-bucket-count=8"
    "memorysetup-bucket-allocator-block-size=33554432"
    "memorysetup-bucket-allocator-block-count=8"
    "memorysetup-main-allocator-block-size=16777216"
    "memorysetup-thread-allocator-block-size=16777216"
    "memorysetup-gfx-main-allocator-block-size=16777216"
    "memorysetup-gfx-thread-allocator-block-size=16777216"
    "memorysetup-cache-allocator-block-size=4194304"
    "memorysetup-typetree-allocator-block-size=2097152"
    "memorysetup-profiler-bucket-allocator-granularity=16"
    "memorysetup-profiler-bucket-allocator-bucket-count=8"
    "memorysetup-profiler-bucket-allocator-block-size=33554432"
    "memorysetup-profiler-bucket-allocator-block-count=8"
    "memorysetup-profiler-allocator-block-size=16777216"
    "memorysetup-profiler-editor-allocator-block-size=1048576"
    "memorysetup-temp-allocator-size-main=16777216"
    "memorysetup-job-temp-allocator-block-size=2097152"
    "memorysetup-job-temp-allocator-block-size-background=1048576"
    "memorysetup-job-temp-allocator-reduction-small-platforms=262144"
    "memorysetup-temp-allocator-size-background-worker=32768"
    "memorysetup-temp-allocator-size-job-worker=262144"
    "memorysetup-temp-allocator-size-preload-manager=33554432"
    "memorysetup-temp-allocator-size-nav-mesh-worker=65536"
    "memorysetup-temp-allocator-size-audio-worker=65536"
    "memorysetup-temp-allocator-size-cloud-worker=32768"
    "memorysetup-temp-allocator-size-gi-baking-worker=262144"
    "memorysetup-temp-allocator-size-gfx=262144"
Refreshing native plugins compatible for Editor in 72.86 ms, found 3 plugins.
Preloading 0 native plugins for Editor in 0.00 ms.
Initialize engine version: 2021.3.7f1 (24e8595d6d43)
[Subsystems] Discovering subsystems at path C:/Program Files/Unity/Hub/Editor/2021.3.7f1/Editor/Data/Resources/UnitySubsystems
[Subsystems] Discovering subsystems at path C:/Users/Logan/OSRS-BoardGame/OSRS Board/Assets
GfxDevice: creating device client; threaded=0; jobified=0
Direct3D:
    Version:  Direct3D 11.0 [level 11.1]
    Renderer: NVIDIA GeForce RTX 4080 (ID=0x2704)
    Vendor:   NVIDIA
    VRAM:     16050 MB
    Driver:   32.0.15.6614
Initialize mono
Mono path[0] = 'C:/Program Files/Unity/Hub/Editor/2021.3.7f1/Editor/Data/Managed'
Mono path[1] = 'C:/Program Files/Unity/Hub/Editor/2021.3.7f1/Editor/Data/MonoBleedingEdge/lib/mono/unityjit-win32'
Mono config path = 'C:/Program Files/Unity/Hub/Editor/2021.3.7f1/Editor/Data/MonoBleedingEdge/etc'
Using monoOptions --debugger-agent=transport=dt_socket,embedding=1,server=y,suspend=n,address=127.0.0.1:56956
Begin MonoManager ReloadAssembly
Registering precompiled unity dll's ...
Register platform support module: C:/Program Files/Unity/Hub/Editor/2021.3.7f1/Editor/Data/PlaybackEngines/WebGLSupport/UnityEditor.WebGL.Extensions.dll
Register platform support module: C:/Program Files/Unity/Hub/Editor/2021.3.7f1/Editor/Data/PlaybackEngines/WindowsStandaloneSupport/UnityEditor.WindowsStandalone.Extensions.dll
Registered in 0.007693 seconds.
Native extension for WindowsStandalone target not found
Native extension for WebGL target not found
Refreshing native plugins compatible for Editor in 72.09 ms, found 3 plugins.
Preloading 0 native plugins for Editor in 0.00 ms.
Mono: successfully reloaded assembly
- Completed reload, in  0.563 seconds
Domain Reload Profiling:
	ReloadAssembly (563ms)
		BeginReloadAssembly (65ms)
			ExecutionOrderSort (0ms)
			DisableScriptedObjects (0ms)
			BackupInstance (0ms)
			ReleaseScriptingObjects (0ms)
			CreateAndSetChildDomain (1ms)
		EndReloadAssembly (400ms)
			LoadAssemblies (63ms)
			RebuildTransferFunctionScriptingTraits (0ms)
			SetupTypeCache (89ms)
			ReleaseScriptCaches (0ms)
			RebuildScriptCaches (23ms)
			SetupLoadedEditorAssemblies (244ms)
				LogAssemblyErrors (0ms)
				InitializePlatformSupportModulesInManaged (8ms)
				SetLoadedEditorAssemblies (0ms)
				RefreshPlugins (72ms)
				BeforeProcessingInitializeOnLoad (1ms)
				ProcessInitializeOnLoadAttributes (122ms)
				ProcessInitializeOnLoadMethodAttributes (41ms)
				AfterProcessingInitializeOnLoad (0ms)
				EditorAssembliesLoaded (0ms)
			ExecutionOrderSort2 (0ms)
			AwakeInstancesAfterBackupRestoration (0ms)
Platform modules already initialized, skipping
Registering precompiled user dll's ...
Registered in 0.005485 seconds.
Begin MonoManager ReloadAssembly
Symbol file LoadedFromMemory doesn't match image C:\Users\Logan\OSRS-BoardGame\OSRS Board\Library\PackageCache\com.unity.visualscripting@1.7.8\Editor\VisualScripting.Core\Dependencies\YamlDotNet\Unity.VisualScripting.YamlDotNet.dll
Symbol file LoadedFromMemory doesn't match image C:\Users\Logan\OSRS-BoardGame\OSRS Board\Library\PackageCache\com.unity.visualscripting@1.7.8\Editor\VisualScripting.Core\Dependencies\DotNetZip\Unity.VisualScripting.IonicZip.dll
Native extension for WindowsStandalone target not found
Native extension for WebGL target not found
Refreshing native plugins compatible for Editor in 0.53 ms, found 3 plugins.
Preloading 0 native plugins for Editor in 0.00 ms.
Mono: successfully reloaded assembly
- Completed reload, in  0.929 seconds
Domain Reload Profiling:
	ReloadAssembly (930ms)
		BeginReloadAssembly (96ms)
			ExecutionOrderSort (0ms)
			DisableScriptedObjects (5ms)
			BackupInstance (0ms)
			ReleaseScriptingObjects (0ms)
			CreateAndSetChildDomain (16ms)
		EndReloadAssembly (731ms)
			LoadAssemblies (72ms)
			RebuildTransferFunctionScriptingTraits (0ms)
			SetupTypeCache (231ms)
			ReleaseScriptCaches (1ms)
			RebuildScriptCaches (42ms)
			SetupLoadedEditorAssemblies (350ms)
				LogAssemblyErrors (0ms)
				InitializePlatformSupportModulesInManaged (7ms)
				SetLoadedEditorAssemblies (0ms)
				RefreshPlugins (1ms)
				BeforeProcessingInitializeOnLoad (86ms)
				ProcessInitializeOnLoadAttributes (223ms)
				ProcessInitializeOnLoadMethodAttributes (25ms)
				AfterProcessingInitializeOnLoad (8ms)
				EditorAssembliesLoaded (0ms)
			ExecutionOrderSort2 (0ms)
			AwakeInstancesAfterBackupRestoration (6ms)
Platform modules already initialized, skipping
========================================================================
Worker process is ready to serve import requests
Launched and connected shader compiler UnityShaderCompiler.exe after 0.03 seconds
Refreshing native plugins compatible for Editor in 0.51 ms, found 3 plugins.
Preloading 0 native plugins for Editor in 0.00 ms.
Unloading 3377 Unused Serialized files (Serialized files now loaded: 0)
Unloading 27 unused Assets / (111.0 KB). Loaded Objects now: 3834.
Memory consumption went from 116.2 MB to 116.0 MB.
Total: 4.715800 ms (FindLiveObjects: 0.326400 ms CreateObjectMapping: 0.320200 ms MarkObjects: 3.948600 ms  DeleteObjects: 0.119600 ms)

AssetImportParameters requested are different than current active one (requested -> active):
  custom:video-decoder-ogg-theora: a1e56fd34408186e4bbccfd4996cb3dc -> 
  custom:container-muxer-webm: aa71ff27fc2769a1b78a27578f13a17b -> 
  custom:container-demuxer-webm: 4f35f7cbe854078d1ac9338744f61a02 -> 
  custom:video-encoder-webm-vp8: eb34c28f22e8b96e1ab97ce403110664 -> 
  custom:audio-encoder-webm-vorbis: bf7c407c2cedff20999df2af8eb42d56 -> 
  custom:framework-win-MediaFoundation: 216162199b28c13a410421893ffa2e32 -> 
  custom:container-demuxer-ogg: 62fdf1f143b41e24485cea50d1cbac27 -> 
  custom:video-decoder-webm-vp8: 9c59270c3fd7afecdb556c50c9e8de78 -> 
  custom:audio-decoder-ogg-vorbis: bf7c407c2cedff20999df2af8eb42d56 -> 
========================================================================
Received Import Request.
  Time since last request: 61712.342885 seconds.
  path: Assets/Materials
  artifactKey: Guid(2f4fc948d6c750a4e916faa96eafe827) Importer(815301076,1909f56bfc062723c751e8b465ee728b)
Start importing Assets/Materials using Guid(2f4fc948d6c750a4e916faa96eafe827) Importer(815301076,1909f56bfc062723c751e8b465ee728b)  -> (artifact id: '9821b1da4d416933e2405dfa0f0dcef1') in 0.006375 seconds 
========================================================================
Received Prepare
Registering precompiled user dll's ...
Registered in 0.005140 seconds.
Begin MonoManager ReloadAssembly
Symbol file LoadedFromMemory doesn't match image C:\Users\Logan\OSRS-BoardGame\OSRS Board\Library\PackageCache\com.unity.visualscripting@1.7.8\Editor\VisualScripting.Core\Dependencies\YamlDotNet\Unity.VisualScripting.YamlDotNet.dll
Symbol file LoadedFromMemory doesn't match image C:\Users\Logan\OSRS-BoardGame\OSRS Board\Library\PackageCache\com.unity.visualscripting@1.7.8\Editor\VisualScripting.Core\Dependencies\DotNetZip\Unity.VisualScripting.IonicZip.dll
Native extension for WindowsStandalone target not found
Native extension for WebGL target not found
Refreshing native plugins compatible for Editor in 1.16 ms, found 3 plugins.
Preloading 0 native plugins for Editor in 0.00 ms.
Mono: successfully reloaded assembly
- Completed reload, in  0.929 seconds
Domain Reload Profiling:
	ReloadAssembly (929ms)
		BeginReloadAssembly (123ms)
			ExecutionOrderSort (0ms)
			DisableScriptedObjects (5ms)
			BackupInstance (0ms)
			ReleaseScriptingObjects (0ms)
			CreateAndSetChildDomain (30ms)
		EndReloadAssembly (708ms)
			LoadAssemblies (82ms)
			RebuildTransferFunctionScriptingTraits (0ms)
			SetupTypeCache (259ms)
			ReleaseScriptCaches (1ms)
			RebuildScriptCaches (37ms)
			SetupLoadedEditorAssemblies (295ms)
				LogAssemblyErrors (0ms)
				InitializePlatformSupportModulesInManaged (13ms)
				SetLoadedEditorAssemblies (0ms)
				RefreshPlugins (1ms)
				BeforeProcessingInitializeOnLoad (64ms)
				ProcessInitializeOnLoadAttributes (179ms)
				ProcessInitializeOnLoadMethodAttributes (28ms)
				AfterProcessingInitializeOnLoad (9ms)
				EditorAssembliesLoaded (0ms)
			ExecutionOrderSort2 (0ms)
			AwakeInstancesAfterBackupRestoration (6ms)
Platform modules already initialized, skipping
Refreshing native plugins compatible for Editor in 1.66 ms, found 3 plugins.
Preloading 0 native plugins for Editor in 0.00 ms.
Unloading 3382 Unused Serialized files (Serialized files now loaded: 0)
Unloading 20 unused Assets / (78.2 KB). Loaded Objects now: 3847.
Memory consumption went from 116.3 MB to 116.3 MB.
Total: 2.387800 ms (FindLiveObjects: 0.228100 ms CreateObjectMapping: 0.138700 ms MarkObjects: 1.958900 ms  DeleteObjects: 0.061300 ms)

AssetImportParameters requested are different than current active one (requested -> active):
  custom:video-decoder-ogg-theora: a1e56fd34408186e4bbccfd4996cb3dc -> 
  custom:container-muxer-webm: aa71ff27fc2769a1b78a27578f13a17b -> 
  custom:container-demuxer-webm: 4f35f7cbe854078d1ac9338744f61a02 -> 
  custom:video-encoder-webm-vp8: eb34c28f22e8b96e1ab97ce403110664 -> 
  custom:audio-encoder-webm-vorbis: bf7c407c2cedff20999df2af8eb42d56 -> 
  custom:framework-win-MediaFoundation: 216162199b28c13a410421893ffa2e32 -> 
  custom:container-demuxer-ogg: 62fdf1f143b41e24485cea50d1cbac27 -> 
  custom:video-decoder-webm-vp8: 9c59270c3fd7afecdb556c50c9e8de78 -> 
  custom:audio-decoder-ogg-vorbis: bf7c407c2cedff20999df2af8eb42d56 -> 
========================================================================
Received Import Request.
  Time since last request: 13.568487 seconds.
  path: Assets/Prefabs
  artifactKey: Guid(9058bafa57c81ec4988706bd08381982) Importer(815301076,1909f56bfc062723c751e8b465ee728b)
Start importing Assets/Prefabs using Guid(9058bafa57c81ec4988706bd08381982) Importer(815301076,1909f56bfc062723c751e8b465ee728b)  -> (artifact id: 'b3a85c4237702407ea18790cb2dc74f7') in 0.013754 seconds 
========================================================================
Received Import Request.
  Time since last request: 77.549824 seconds.
  path: Assets/Prefabs/Player1-Stone.prefab
  artifactKey: Guid(21b2e42baf17c594fab50572e63543ae) Importer(815301076,1909f56bfc062723c751e8b465ee728b)
Start importing Assets/Prefabs/Player1-Stone.prefab using Guid(21b2e42baf17c594fab50572e63543ae) Importer(815301076,1909f56bfc062723c751e8b465ee728b)  -> (artifact id: '475a244155bab78601664060927b8798') in 0.112756 seconds 
========================================================================
Received Import Request.
  Time since last request: 199.848995 seconds.
  path: Assets/Prefabs/Player2-Stone.prefab
  artifactKey: Guid(740b5b6373df7a646b40a0fe4d13731b) Importer(815301076,1909f56bfc062723c751e8b465ee728b)
Start importing Assets/Prefabs/Player2-Stone.prefab using Guid(740b5b6373df7a646b40a0fe4d13731b) Importer(815301076,1909f56bfc062723c751e8b465ee728b)  -> (artifact id: '4d6a2dc773a60f6b9c7e628a332b459d') in 0.010100 seconds 
========================================================================
Received Import Request.
  Time since last request: 4.601711 seconds.
  path: Assets/Prefabs/Player2-Stone.prefab
  artifactKey: Guid(740b5b6373df7a646b40a0fe4d13731b) Importer(815301076,1909f56bfc062723c751e8b465ee728b)
Start importing Assets/Prefabs/Player2-Stone.prefab using Guid(740b5b6373df7a646b40a0fe4d13731b) Importer(815301076,1909f56bfc062723c751e8b465ee728b)  -> (artifact id: 'a7c3c7aef1a782c0be1b5f8baa75259f') in 0.015931 seconds 
========================================================================
Received Import Request.
  Time since last request: 1.191271 seconds.
  path: Assets/Prefabs/Player2-Stone.prefab
  artifactKey: Guid(740b5b6373df7a646b40a0fe4d13731b) Importer(815301076,1909f56bfc062723c751e8b465ee728b)
Start importing Assets/Prefabs/Player2-Stone.prefab using Guid(740b5b6373df7a646b40a0fe4d13731b) Importer(815301076,1909f56bfc062723c751e8b465ee728b)  -> (artifact id: 'd2c2720fed7f7a68a03bb707725542ff') in 0.013646 seconds 
========================================================================
Received Import Request.
  Time since last request: 0.985511 seconds.
  path: Assets/Prefabs/Player2-Stone.prefab
  artifactKey: Guid(740b5b6373df7a646b40a0fe4d13731b) Importer(815301076,1909f56bfc062723c751e8b465ee728b)
Start importing Assets/Prefabs/Player2-Stone.prefab using Guid(740b5b6373df7a646b40a0fe4d13731b) Importer(815301076,1909f56bfc062723c751e8b465ee728b)  -> (artifact id: 'e04d4392911fd4f3f18046f34b9aaca0') in 0.014452 seconds 
========================================================================
Received Import Request.
  Time since last request: 1.193899 seconds.
  path: Assets/Prefabs/Player2-Stone.prefab
  artifactKey: Guid(740b5b6373df7a646b40a0fe4d13731b) Importer(815301076,1909f56bfc062723c751e8b465ee728b)
Start importing Assets/Prefabs/Player2-Stone.prefab using Guid(740b5b6373df7a646b40a0fe4d13731b) Importer(815301076,1909f56bfc062723c751e8b465ee728b)  -> (artifact id: '34788ea59a09662920c5846828641210') in 0.008284 seconds 
========================================================================
Received Import Request.
  Time since last request: 5.024272 seconds.
  path: Assets/Prefabs/Player1-Stone.prefab
  artifactKey: Guid(21b2e42baf17c594fab50572e63543ae) Importer(815301076,1909f56bfc062723c751e8b465ee728b)
Start importing Assets/Prefabs/Player1-Stone.prefab using Guid(21b2e42baf17c594fab50572e63543ae) Importer(815301076,1909f56bfc062723c751e8b465ee728b)  -> (artifact id: 'fef5106bdd117fae243074b785439648') in 0.007942 seconds 
========================================================================
Received Import Request.
  Time since last request: 1.187609 seconds.
  path: Assets/Prefabs/Player1-Stone.prefab
  artifactKey: Guid(21b2e42baf17c594fab50572e63543ae) Importer(815301076,1909f56bfc062723c751e8b465ee728b)
Start importing Assets/Prefabs/Player1-Stone.prefab using Guid(21b2e42baf17c594fab50572e63543ae) Importer(815301076,1909f56bfc062723c751e8b465ee728b)  -> (artifact id: '27630f25afc2059c6fbd7af055d5be00') in 0.007862 seconds 
========================================================================
Received Import Request.
  Time since last request: 0.799104 seconds.
  path: Assets/Prefabs/Player1-Stone.prefab
  artifactKey: Guid(21b2e42baf17c594fab50572e63543ae) Importer(815301076,1909f56bfc062723c751e8b465ee728b)
Start importing Assets/Prefabs/Player1-Stone.prefab using Guid(21b2e42baf17c594fab50572e63543ae) Importer(815301076,1909f56bfc062723c751e8b465ee728b)  -> (artifact id: 'e010e2863afd8de71abee6998eb8d80b') in 0.016013 seconds 
========================================================================
Received Import Request.
  Time since last request: 1.393840 seconds.
  path: Assets/Prefabs/Player1-Stone.prefab
  artifactKey: Guid(21b2e42baf17c594fab50572e63543ae) Importer(815301076,1909f56bfc062723c751e8b465ee728b)
Start importing Assets/Prefabs/Player1-Stone.prefab using Guid(21b2e42baf17c594fab50572e63543ae) Importer(815301076,1909f56bfc062723c751e8b465ee728b)  -> (artifact id: 'ed063b44df6b0882d38bce33b9e963a2') in 0.008144 seconds 
========================================================================
Received Import Request.
  Time since last request: 52.540281 seconds.
  path: Assets/Scripts
  artifactKey: Guid(62ec8cc6c58492a468565c2a19caa6bf) Importer(815301076,1909f56bfc062723c751e8b465ee728b)
Start importing Assets/Scripts using Guid(62ec8cc6c58492a468565c2a19caa6bf) Importer(815301076,1909f56bfc062723c751e8b465ee728b)  -> (artifact id: '30e8c9f44bcb28943073a8e54600faa2') in 0.009901 seconds 
========================================================================
Received Import Request.
  Time since last request: 57.332954 seconds.
  path: Assets/Textures
  artifactKey: Guid(2ec65c0bda592944b829b86d52dc4673) Importer(815301076,1909f56bfc062723c751e8b465ee728b)
Start importing Assets/Textures using Guid(2ec65c0bda592944b829b86d52dc4673) Importer(815301076,1909f56bfc062723c751e8b465ee728b)  -> (artifact id: 'ce5825956be99f28abe43b76a06010b2') in 0.011033 seconds 
========================================================================
Received Import Request.
  Time since last request: 0.104601 seconds.
  path: Assets/Textures/Tetra_OneA.psd
  artifactKey: Guid(3f056cb26333af443909432c5d895c84) Importer(815301076,1909f56bfc062723c751e8b465ee728b)
Start importing Assets/Textures/Tetra_OneA.psd using Guid(3f056cb26333af443909432c5d895c84) Importer(815301076,1909f56bfc062723c751e8b465ee728b)  -> (artifact id: 'efc35b2dc497a137a9a2e42b1b39b61c') in 0.043490 seconds 
========================================================================
Received Import Request.
  Time since last request: 0.000046 seconds.
  path: Assets/Textures/Tile.psd
  artifactKey: Guid(73532b2ad2e9bc546b727bafe6eebeee) Importer(815301076,1909f56bfc062723c751e8b465ee728b)
Start importing Assets/Textures/Tile.psd using Guid(73532b2ad2e9bc546b727bafe6eebeee) Importer(815301076,1909f56bfc062723c751e8b465ee728b)  -> (artifact id: '787dc9e01e91f884d0a99dd0de353bb8') in 0.022435 seconds 
========================================================================
Received Import Request.
  Time since last request: 0.000057 seconds.
  path: Assets/Textures/Tetra_ZeroB.psd
  artifactKey: Guid(8c0a5d0edae53d447879371ca69be25d) Importer(815301076,1909f56bfc062723c751e8b465ee728b)
Start importing Assets/Textures/Tetra_ZeroB.psd using Guid(8c0a5d0edae53d447879371ca69be25d) Importer(815301076,1909f56bfc062723c751e8b465ee728b)  -> (artifact id: 'b6905f66e45f9bf37e594f6e2d621112') in 0.020910 seconds 
========================================================================
Received Import Request.
  Time since last request: 0.000025 seconds.
  path: Assets/Textures/TexturesCom_MarbleOther0133_1_M 1.jpg
  artifactKey: Guid(3d3bd04702b14724786bef1e7edcb90c) Importer(815301076,1909f56bfc062723c751e8b465ee728b)
Start importing Assets/Textures/TexturesCom_MarbleOther0133_1_M 1.jpg using Guid(3d3bd04702b14724786bef1e7edcb90c) Importer(815301076,1909f56bfc062723c751e8b465ee728b)  -> (artifact id: 'fa805dfdb0b8145bf60f3ebee2b740bb') in 0.042337 seconds 
========================================================================
Received Import Request.
  Time since last request: 0.000019 seconds.
  path: Assets/Textures/TileRollAgain.psd
  artifactKey: Guid(3ed9a9a72d8aa2b428fe6158d5721882) Importer(815301076,1909f56bfc062723c751e8b465ee728b)
Start importing Assets/Textures/TileRollAgain.psd using Guid(3ed9a9a72d8aa2b428fe6158d5721882) Importer(815301076,1909f56bfc062723c751e8b465ee728b)  -> (artifact id: 'ebd311043f756be9204c49c6a03a43f4') in 0.015725 seconds 
========================================================================
Received Import Request.
  Time since last request: 0.000018 seconds.
  path: Assets/Textures/Tetra_OneC.psd
  artifactKey: Guid(492c000a4a9ad3c42845f12debfb8e43) Importer(815301076,1909f56bfc062723c751e8b465ee728b)
Start importing Assets/Textures/Tetra_OneC.psd using Guid(492c000a4a9ad3c42845f12debfb8e43) Importer(815301076,1909f56bfc062723c751e8b465ee728b)  -> (artifact id: 'f1c9457580ae679ab5fc5602bc3c3d58') in 0.019297 seconds 
Editor requested this worker to shutdown with reason: Scaling down because of idle timeout
AssetImportWorker is now disconnected from the server
Process exiting
Exiting without the bug reporter. Application will terminate with return code 0